CompilerOracle: exclude jregex/Pretokenizer.next
Listening for transport dt_socket at address: 8000
01:48:25,309 INFO  ~ Starting /Users/ZQX/mywork/neworder
01:48:25,315 WARN  ~ Declaring modules in application.conf is deprecated. Use dependencies.yml instead (module.crud)
01:48:25,315 INFO  ~ Module crud is available (/Users/ZQX/play/modules/crud)
01:48:25,315 WARN  ~ Declaring modules in application.conf is deprecated. Use dependencies.yml instead (module.secure)
01:48:25,316 INFO  ~ Module secure is available (/Users/ZQX/play/modules/secure)
01:48:25,921 WARN  ~ You're running Play! in DEV mode
01:48:26,019 INFO  ~ Listening for HTTP on port 9100 (Waiting a first request to start) ...
~ Server is up and running
~        _            _ 
~  _ __ | | __ _ _  _| |
~ | '_ \| |/ _' | || |_|
~ |  __/|_|\____|\__ (_)
~ |_|            |__/   
~
~ play! 1.2.7, http://www.playframework.org
~
~ Ctrl+C to stop
~ 
~ ...
